-------------------------------------------
Batch: 0
-------------------------------------------
+--------------------+---------+
|               email|birthYear|
+--------------------+---------+
|Santosh.Jefferson...|     1965|
| Eric.Jones@test.com|     1964|
|Jane.Sanchez@test...|     1963|
| John.Abram@test.com|     1961|
| Eric.Clark@test.com|     1958|
|Neeraj.Khatib@tes...|     1957|
|Travis.Phillips@t...|     1955|
|Travis.Doshi@test...|     1954|
|Chris.Habschied@t...|     1953|
|Jason.Doshi@test.com|     1949|
|Spencer.Sanchez@t...|     1948|
|Eric.Clayton@test...|     1947|
|Sean.Hansen@test.com|     1946|
|Sean.Spencer@test...|     1940|
|David.Clark@test.com|     1939|
|Jane.Phillips@tes...|     1937|
+--------------------+---------+

-------------------------------------------
Batch: 1
-------------------------------------------
+-----+---------+
|email|birthYear|
+-----+---------+
+-----+---------+

-------------------------------------------
Batch: 2
-------------------------------------------
+-----+---------+
|email|birthYear|
+-----+---------+
+-----+---------+

-------------------------------------------
Batch: 3
-------------------------------------------
+-----+---------+
|email|birthYear|
+-----+---------+
+-----+---------+

-------------------------------------------
Batch: 4
-------------------------------------------
+-----+---------+
|email|birthYear|
+-----+---------+
+-----+---------+

-------------------------------------------
Batch: 5
-------------------------------------------
+-----+---------+
|email|birthYear|
+-----+---------+
| sfsd|     2023|
+-----+---------+

-------------------------------------------
Batch: 6
-------------------------------------------
+-----+---------+
|email|birthYear|
+-----+---------+
+-----+---------+

-------------------------------------------
Batch: 7
-------------------------------------------
+-----+---------+
|email|birthYear|
+-----+---------+
+-----+---------+

