Spark Command: /usr/lib/jvm/java-8-openjdk-amd64/jre/bin/java -cp /opt/spark-2.3.4-bin-hadoop2.7/conf/:/opt/spark-2.3.4-bin-hadoop2.7/jars/* -Xmx1g org.apache.spark.deploy.worker.Worker --webui-port 8081 spark://510b2f3f4d86bfc409b9eebe4cf53d6bd0748719-6587d77785-5j6hs:7077
========================================
2024-11-20 06:58:25 INFO  Worker:2612 - Started daemon with process name: 1989@510b2f3f4d86bfc409b9eebe4cf53d6bd0748719-6587d77785-5j6hs
2024-11-20 06:58:25 INFO  SignalUtils:54 - Registered signal handler for TERM
2024-11-20 06:58:25 INFO  SignalUtils:54 - Registered signal handler for HUP
2024-11-20 06:58:25 INFO  SignalUtils:54 - Registered signal handler for INT
2024-11-20 06:58:27 WARN  NativeCodeLoader:62 - Unable to load native-hadoop library for your platform... using builtin-java classes where applicable
2024-11-20 06:58:27 INFO  SecurityManager:54 - Changing view acls to: root
2024-11-20 06:58:27 INFO  SecurityManager:54 - Changing modify acls to: root
2024-11-20 06:58:27 INFO  SecurityManager:54 - Changing view acls groups to: 
2024-11-20 06:58:27 INFO  SecurityManager:54 - Changing modify acls groups to: 
2024-11-20 06:58:27 INFO  SecurityManager:54 - SecurityManager: authentication disabled; ui acls disabled; users  with view permissions: Set(root); groups with view permissions: Set(); users  with modify permissions: Set(root); groups with modify permissions: Set()
2024-11-20 06:58:28 INFO  Utils:54 - Successfully started service 'sparkWorker' on port 42709.
2024-11-20 06:58:28 INFO  Worker:54 - Starting Spark worker 10.124.3.162:42709 with 16 cores, 124.8 GB RAM
2024-11-20 06:58:28 INFO  Worker:54 - Running Spark version 2.3.4
2024-11-20 06:58:28 INFO  Worker:54 - Spark home: /opt/spark-2.3.4-bin-hadoop2.7
2024-11-20 06:58:29 INFO  log:192 - Logging initialized @5113ms
2024-11-20 06:58:29 INFO  Server:351 - jetty-9.3.z-SNAPSHOT, build timestamp: unknown, git hash: unknown
2024-11-20 06:58:29 INFO  Server:419 - Started @5295ms
2024-11-20 06:58:29 WARN  Utils:66 - Service 'WorkerUI' could not bind on port 8081. Attempting port 8082.
2024-11-20 06:58:29 WARN  Utils:66 - Service 'WorkerUI' could not bind on port 8082. Attempting port 8083.
2024-11-20 06:58:29 WARN  Utils:66 - Service 'WorkerUI' could not bind on port 8083. Attempting port 8084.
2024-11-20 06:58:29 INFO  AbstractConnector:278 - Started ServerConnector@41de3dca{HTTP/1.1,[http/1.1]}{0.0.0.0:8084}
2024-11-20 06:58:29 INFO  Utils:54 - Successfully started service 'WorkerUI' on port 8084.
2024-11-20 06:58:29 INFO  ContextHandler:781 - Started o.s.j.s.ServletContextHandler@3b03b298{/logPage,null,AVAILABLE,@Spark}
2024-11-20 06:58:29 INFO  ContextHandler:781 - Started o.s.j.s.ServletContextHandler@7e44f973{/logPage/json,null,AVAILABLE,@Spark}
2024-11-20 06:58:29 INFO  ContextHandler:781 - Started o.s.j.s.ServletContextHandler@7e3f7cba{/,null,AVAILABLE,@Spark}
2024-11-20 06:58:29 INFO  ContextHandler:781 - Started o.s.j.s.ServletContextHandler@3fb1089c{/json,null,AVAILABLE,@Spark}
2024-11-20 06:58:29 INFO  ContextHandler:781 - Started o.s.j.s.ServletContextHandler@66e7e178{/static,null,AVAILABLE,@Spark}
2024-11-20 06:58:29 INFO  ContextHandler:781 - Started o.s.j.s.ServletContextHandler@6ed8133d{/log,null,AVAILABLE,@Spark}
2024-11-20 06:58:29 INFO  WorkerWebUI:54 - Bound WorkerWebUI to 0.0.0.0, and started at http://510b2f3f4d86bfc409b9eebe4cf53d6bd0748719-6587d77785-5j6hs:8084
2024-11-20 06:58:29 INFO  Worker:54 - Connecting to master 510b2f3f4d86bfc409b9eebe4cf53d6bd0748719-6587d77785-5j6hs:7077...
2024-11-20 06:58:29 INFO  ContextHandler:781 - Started o.s.j.s.ServletContextHandler@102af02{/metrics/json,null,AVAILABLE,@Spark}
2024-11-20 06:58:29 INFO  TransportClientFactory:267 - Successfully created connection to 510b2f3f4d86bfc409b9eebe4cf53d6bd0748719-6587d77785-5j6hs/10.124.3.162:7077 after 184 ms (0 ms spent in bootstraps)
2024-11-20 06:58:30 INFO  Worker:54 - Successfully registered with master spark://510b2f3f4d86bfc409b9eebe4cf53d6bd0748719-6587d77785-5j6hs:7077
