Spark Command: /usr/lib/jvm/java-8-openjdk-amd64/jre/bin/java -cp /opt/spark-2.3.4-bin-hadoop2.7/conf/:/opt/spark-2.3.4-bin-hadoop2.7/jars/* -Xmx1g org.apache.spark.deploy.master.Master --host 510b2f3f4d86bfc409b9eebe4cf53d6bd0748719-6587d77785-5j6hs --port 7077 --webui-port 8080
========================================
2024-11-20 06:54:43 INFO  Master:2612 - Started daemon with process name: 1851@510b2f3f4d86bfc409b9eebe4cf53d6bd0748719-6587d77785-5j6hs
2024-11-20 06:54:43 INFO  SignalUtils:54 - Registered signal handler for TERM
2024-11-20 06:54:43 INFO  SignalUtils:54 - Registered signal handler for HUP
2024-11-20 06:54:43 INFO  SignalUtils:54 - Registered signal handler for INT
2024-11-20 06:54:44 WARN  NativeCodeLoader:62 - Unable to load native-hadoop library for your platform... using builtin-java classes where applicable
2024-11-20 06:54:45 INFO  SecurityManager:54 - Changing view acls to: root
2024-11-20 06:54:45 INFO  SecurityManager:54 - Changing modify acls to: root
2024-11-20 06:54:45 INFO  SecurityManager:54 - Changing view acls groups to: 
2024-11-20 06:54:45 INFO  SecurityManager:54 - Changing modify acls groups to: 
2024-11-20 06:54:45 INFO  SecurityManager:54 - SecurityManager: authentication disabled; ui acls disabled; users  with view permissions: Set(root); groups with view permissions: Set(); users  with modify permissions: Set(root); groups with modify permissions: Set()
2024-11-20 06:54:45 INFO  Utils:54 - Successfully started service 'sparkMaster' on port 7077.
2024-11-20 06:54:46 INFO  Master:54 - Starting Spark master at spark://510b2f3f4d86bfc409b9eebe4cf53d6bd0748719-6587d77785-5j6hs:7077
2024-11-20 06:54:46 INFO  Master:54 - Running Spark version 2.3.4
2024-11-20 06:54:46 INFO  log:192 - Logging initialized @4680ms
2024-11-20 06:54:46 INFO  Server:351 - jetty-9.3.z-SNAPSHOT, build timestamp: unknown, git hash: unknown
2024-11-20 06:54:46 INFO  Server:419 - Started @4856ms
2024-11-20 06:54:46 INFO  AbstractConnector:278 - Started ServerConnector@79a89dfb{HTTP/1.1,[http/1.1]}{0.0.0.0:8080}
2024-11-20 06:54:46 INFO  Utils:54 - Successfully started service 'MasterUI' on port 8080.
2024-11-20 06:54:46 INFO  ContextHandler:781 - Started o.s.j.s.ServletContextHandler@35f20cbf{/app,null,AVAILABLE,@Spark}
2024-11-20 06:54:46 INFO  ContextHandler:781 - Started o.s.j.s.ServletContextHandler@490ac61c{/app/json,null,AVAILABLE,@Spark}
2024-11-20 06:54:46 INFO  ContextHandler:781 - Started o.s.j.s.ServletContextHandler@57fe4143{/,null,AVAILABLE,@Spark}
2024-11-20 06:54:46 INFO  ContextHandler:781 - Started o.s.j.s.ServletContextHandler@2d6db141{/json,null,AVAILABLE,@Spark}
2024-11-20 06:54:46 INFO  ContextHandler:781 - Started o.s.j.s.ServletContextHandler@32c8b8d6{/static,null,AVAILABLE,@Spark}
2024-11-20 06:54:46 INFO  ContextHandler:781 - Started o.s.j.s.ServletContextHandler@4393a56e{/app/kill,null,AVAILABLE,@Spark}
2024-11-20 06:54:46 INFO  ContextHandler:781 - Started o.s.j.s.ServletContextHandler@29abbec9{/driver/kill,null,AVAILABLE,@Spark}
2024-11-20 06:54:46 INFO  MasterWebUI:54 - Bound MasterWebUI to 0.0.0.0, and started at http://510b2f3f4d86bfc409b9eebe4cf53d6bd0748719-6587d77785-5j6hs:8080
2024-11-20 06:54:46 INFO  Server:351 - jetty-9.3.z-SNAPSHOT, build timestamp: unknown, git hash: unknown
2024-11-20 06:54:46 INFO  ContextHandler:781 - Started o.s.j.s.ServletContextHandler@1cc6f985{/,null,AVAILABLE}
2024-11-20 06:54:46 INFO  AbstractConnector:278 - Started ServerConnector@1d93a45a{HTTP/1.1,[http/1.1]}{510b2f3f4d86bfc409b9eebe4cf53d6bd0748719-6587d77785-5j6hs:6066}
2024-11-20 06:54:46 INFO  Server:419 - Started @5380ms
2024-11-20 06:54:46 INFO  Utils:54 - Successfully started service on port 6066.
2024-11-20 06:54:46 INFO  StandaloneRestServer:54 - Started REST server for submitting applications on port 6066
2024-11-20 06:54:47 INFO  ContextHandler:781 - Started o.s.j.s.ServletContextHandler@4ea31a02{/metrics/master/json,null,AVAILABLE,@Spark}
2024-11-20 06:54:47 INFO  ContextHandler:781 - Started o.s.j.s.ServletContextHandler@acaa6e3{/metrics/applications/json,null,AVAILABLE,@Spark}
2024-11-20 06:54:47 INFO  Master:54 - I have been elected leader! New state: ALIVE
2024-11-20 06:58:30 INFO  Master:54 - Registering worker 10.124.3.162:42709 with 16 cores, 124.8 GB RAM
