Spark Command: /usr/lib/jvm/java-8-openjdk-amd64/jre/bin/java -cp /opt/spark-2.3.4-bin-hadoop2.7/conf/:/opt/spark-2.3.4-bin-hadoop2.7/jars/* -Xmx1g org.apache.spark.deploy.master.Master --host 510b2f3f4d86bfc409b9eebe4cf53d6bd0748719-6ff5d99b74-wrr6k --port 7077 --webui-port 8080
========================================
2024-11-19 14:11:27 INFO  Master:2612 - Started daemon with process name: 570@510b2f3f4d86bfc409b9eebe4cf53d6bd0748719-6ff5d99b74-wrr6k
2024-11-19 14:11:27 INFO  SignalUtils:54 - Registered signal handler for TERM
2024-11-19 14:11:27 INFO  SignalUtils:54 - Registered signal handler for HUP
2024-11-19 14:11:27 INFO  SignalUtils:54 - Registered signal handler for INT
2024-11-19 14:11:29 WARN  NativeCodeLoader:62 - Unable to load native-hadoop library for your platform... using builtin-java classes where applicable
2024-11-19 14:11:29 INFO  SecurityManager:54 - Changing view acls to: root
2024-11-19 14:11:29 INFO  SecurityManager:54 - Changing modify acls to: root
2024-11-19 14:11:29 INFO  SecurityManager:54 - Changing view acls groups to: 
2024-11-19 14:11:29 INFO  SecurityManager:54 - Changing modify acls groups to: 
2024-11-19 14:11:29 INFO  SecurityManager:54 - SecurityManager: authentication disabled; ui acls disabled; users  with view permissions: Set(root); groups with view permissions: Set(); users  with modify permissions: Set(root); groups with modify permissions: Set()
2024-11-19 14:11:31 INFO  Utils:54 - Successfully started service 'sparkMaster' on port 7077.
2024-11-19 14:11:32 INFO  Master:54 - Starting Spark master at spark://510b2f3f4d86bfc409b9eebe4cf53d6bd0748719-6ff5d99b74-wrr6k:7077
2024-11-19 14:11:32 INFO  Master:54 - Running Spark version 2.3.4
2024-11-19 14:11:33 INFO  log:192 - Logging initialized @8581ms
2024-11-19 14:11:34 INFO  Server:351 - jetty-9.3.z-SNAPSHOT, build timestamp: unknown, git hash: unknown
2024-11-19 14:11:34 INFO  Server:419 - Started @9584ms
2024-11-19 14:11:35 INFO  AbstractConnector:278 - Started ServerConnector@7d98a17c{HTTP/1.1,[http/1.1]}{0.0.0.0:8080}
2024-11-19 14:11:35 INFO  Utils:54 - Successfully started service 'MasterUI' on port 8080.
2024-11-19 14:11:36 INFO  ContextHandler:781 - Started o.s.j.s.ServletContextHandler@3b5ae95b{/app,null,AVAILABLE,@Spark}
2024-11-19 14:11:36 INFO  ContextHandler:781 - Started o.s.j.s.ServletContextHandler@2feb7a98{/app/json,null,AVAILABLE,@Spark}
2024-11-19 14:11:36 INFO  ContextHandler:781 - Started o.s.j.s.ServletContextHandler@112d60f0{/,null,AVAILABLE,@Spark}
2024-11-19 14:11:36 INFO  ContextHandler:781 - Started o.s.j.s.ServletContextHandler@48352844{/json,null,AVAILABLE,@Spark}
2024-11-19 14:11:36 INFO  ContextHandler:781 - Started o.s.j.s.ServletContextHandler@3c7eb460{/static,null,AVAILABLE,@Spark}
2024-11-19 14:11:36 INFO  ContextHandler:781 - Started o.s.j.s.ServletContextHandler@20ed1cd0{/app/kill,null,AVAILABLE,@Spark}
2024-11-19 14:11:36 INFO  ContextHandler:781 - Started o.s.j.s.ServletContextHandler@146235b8{/driver/kill,null,AVAILABLE,@Spark}
2024-11-19 14:11:36 INFO  MasterWebUI:54 - Bound MasterWebUI to 0.0.0.0, and started at http://510b2f3f4d86bfc409b9eebe4cf53d6bd0748719-6ff5d99b74-wrr6k:8080
2024-11-19 14:11:36 INFO  Server:351 - jetty-9.3.z-SNAPSHOT, build timestamp: unknown, git hash: unknown
2024-11-19 14:11:36 INFO  ContextHandler:781 - Started o.s.j.s.ServletContextHandler@57265c46{/,null,AVAILABLE}
2024-11-19 14:11:36 INFO  AbstractConnector:278 - Started ServerConnector@4a2a5fc9{HTTP/1.1,[http/1.1]}{510b2f3f4d86bfc409b9eebe4cf53d6bd0748719-6ff5d99b74-wrr6k:6066}
2024-11-19 14:11:36 INFO  Server:419 - Started @11584ms
2024-11-19 14:11:36 INFO  Utils:54 - Successfully started service on port 6066.
2024-11-19 14:11:36 INFO  StandaloneRestServer:54 - Started REST server for submitting applications on port 6066
2024-11-19 14:11:38 INFO  ContextHandler:781 - Started o.s.j.s.ServletContextHandler@29345194{/metrics/master/json,null,AVAILABLE,@Spark}
2024-11-19 14:11:38 INFO  ContextHandler:781 - Started o.s.j.s.ServletContextHandler@78b1adfc{/metrics/applications/json,null,AVAILABLE,@Spark}
2024-11-19 14:11:38 INFO  Master:54 - I have been elected leader! New state: ALIVE
