****** Config File Path: /home/workspace/stedi-application/application.conf
****** Config File Path: /home/workspace/stedi-application/application.conf
Nov 17, 2024 4:04:18 AM com.getsimplex.steptimer.service.KafkaRiskTopicConsumerActor onReceive
INFO: Connecting to Kafka Topic: customer-risk
****** Config File Path: /home/workspace/stedi-application/application.conf
[websocket-akka.actor.default-dispatcher-2] INFO org.apache.kafka.clients.consumer.ConsumerConfig - ConsumerConfig values: 
	allow.auto.create.topics = true
	auto.commit.interval.ms = 5000
	auto.offset.reset = latest
	bootstrap.servers = [localhost:9092]
	check.crcs = true
	client.dns.lookup = use_all_dns_ips
	client.id = consumer-STEDI-1
	client.rack = 
	connections.max.idle.ms = 540000
	default.api.timeout.ms = 60000
	enable.auto.commit = true
	exclude.internal.topics = true
	fetch.max.bytes = 52428800
	fetch.max.wait.ms = 500
	fetch.min.bytes = 1
	group.id = STEDI
	group.instance.id = null
	heartbeat.interval.ms = 3000
	interceptor.classes = []
	internal.leave.group.on.close = true
	internal.throw.on.fetch.stable.offset.unsupported = false
	isolation.level = read_uncommitted
	key.deserializer = class org.apache.kafka.common.serialization.StringDeserializer
	max.partition.fetch.bytes = 1048576
	max.poll.interval.ms = 300000
	max.poll.records = 500
	metadata.max.age.ms = 300000
	metric.reporters = []
	metrics.num.samples = 2
	metrics.recording.level = INFO
	metrics.sample.window.ms = 30000
	partition.assignment.strategy = [class org.apache.kafka.clients.consumer.RangeAssignor]
	receive.buffer.bytes = 65536
	reconnect.backoff.max.ms = 1000
	reconnect.backoff.ms = 50
	request.timeout.ms = 30000
	retry.backoff.ms = 100
	sasl.client.callback.handler.class = null
	sasl.jaas.config = null
	sasl.kerberos.kinit.cmd = /usr/bin/kinit
	sasl.kerberos.min.time.before.relogin = 60000
	sasl.kerberos.service.name = null
	sasl.kerberos.ticket.renew.jitter = 0.05
	sasl.kerberos.ticket.renew.window.factor = 0.8
	sasl.login.callback.handler.class = null
	sasl.login.class = null
	sasl.login.refresh.buffer.seconds = 300
	sasl.login.refresh.min.period.seconds = 60
	sasl.login.refresh.window.factor = 0.8
	sasl.login.refresh.window.jitter = 0.05
	sasl.mechanism = GSSAPI
	security.protocol = PLAINTEXT
	security.providers = null
	send.buffer.bytes = 131072
	session.timeout.ms = 10000
	ssl.cipher.suites = null
	ssl.enabled.protocols = [TLSv1.2]
	ssl.endpoint.identification.algorithm = https
	ssl.engine.factory.class = null
	ssl.key.password = null
	ssl.keymanager.algorithm = SunX509
	ssl.keystore.location = null
	ssl.keystore.password = null
	ssl.keystore.type = JKS
	ssl.protocol = TLSv1.2
	ssl.provider = null
	ssl.secure.random.implementation = null
	ssl.trustmanager.algorithm = PKIX
	ssl.truststore.location = null
	ssl.truststore.password = null
	ssl.truststore.type = JKS
	value.deserializer = class org.apache.kafka.common.serialization.StringDeserializer

[Thread-1] INFO org.eclipse.jetty.util.log - Logging initialized @5298ms
[websocket-akka.actor.default-dispatcher-2] INFO org.apache.kafka.common.utils.AppInfoParser - Kafka version: 2.6.0
[websocket-akka.actor.default-dispatcher-2] INFO org.apache.kafka.common.utils.AppInfoParser - Kafka commitId: 62abe01bee039651
[websocket-akka.actor.default-dispatcher-2] INFO org.apache.kafka.common.utils.AppInfoParser - Kafka startTimeMs: 1731816261244
[websocket-akka.actor.default-dispatcher-2] INFO org.apache.kafka.clients.consumer.KafkaConsumer - [Consumer clientId=consumer-STEDI-1, groupId=STEDI] Subscribed to topic(s): topic-you-created
[Thread-1] INFO spark.webserver.JettySparkServer - == Spark has ignited ...
[Thread-1] INFO spark.webserver.JettySparkServer - >> Listening on 0.0.0.0:3000
[Thread-1] INFO org.eclipse.jetty.server.Server - jetty-9.3.z-SNAPSHOT
[Thread-1] INFO org.eclipse.jetty.server.handler.ContextHandler - Started o.e.j.s.ServletContextHandler@5f7eb77{/,null,AVAILABLE}
[Thread-1] INFO org.eclipse.jetty.server.ServerConnector - Started ServerConnector@125b31d{HTTP/1.1,[http/1.1]}{0.0.0.0:3000}
[Thread-1] INFO org.eclipse.jetty.server.Server - Started @8012ms
[websocket-akka.actor.default-dispatcher-2] WARN org.apache.kafka.clients.NetworkClient - [Consumer clientId=consumer-STEDI-1, groupId=STEDI] Connection to node -1 (localhost/127.0.0.1:9092) could not be established. Broker may not be available.
[websocket-akka.actor.default-dispatcher-2] WARN org.apache.kafka.clients.NetworkClient - [Consumer clientId=consumer-STEDI-1, groupId=STEDI] Bootstrap broker localhost:9092 (id: -1 rack: null) disconnected
[websocket-akka.actor.default-dispatcher-2] WARN org.apache.kafka.clients.NetworkClient - [Consumer clientId=consumer-STEDI-1, groupId=STEDI] Connection to node -1 (localhost/127.0.0.1:9092) could not be established. Broker may not be available.
[websocket-akka.actor.default-dispatcher-2] WARN org.apache.kafka.clients.NetworkClient - [Consumer clientId=consumer-STEDI-1, groupId=STEDI] Bootstrap broker localhost:9092 (id: -1 rack: null) disconnected
[websocket-akka.actor.default-dispatcher-2] WARN org.apache.kafka.clients.NetworkClient - [Consumer clientId=consumer-STEDI-1, groupId=STEDI] Connection to node -1 (localhost/127.0.0.1:9092) could not be established. Broker may not be available.
[websocket-akka.actor.default-dispatcher-2] WARN org.apache.kafka.clients.NetworkClient - [Consumer clientId=consumer-STEDI-1, groupId=STEDI] Bootstrap broker localhost:9092 (id: -1 rack: null) disconnected
[websocket-akka.actor.default-dispatcher-2] WARN org.apache.kafka.clients.NetworkClient - [Consumer clientId=consumer-STEDI-1, groupId=STEDI] Connection to node -1 (localhost/127.0.0.1:9092) could not be established. Broker may not be available.
[websocket-akka.actor.default-dispatcher-2] WARN org.apache.kafka.clients.NetworkClient - [Consumer clientId=consumer-STEDI-1, groupId=STEDI] Bootstrap broker localhost:9092 (id: -1 rack: null) disconnected
[websocket-akka.actor.default-dispatcher-2] WARN org.apache.kafka.clients.NetworkClient - [Consumer clientId=consumer-STEDI-1, groupId=STEDI] Connection to node -1 (localhost/127.0.0.1:9092) could not be established. Broker may not be available.
[websocket-akka.actor.default-dispatcher-2] WARN org.apache.kafka.clients.NetworkClient - [Consumer clientId=consumer-STEDI-1, groupId=STEDI] Bootstrap broker localhost:9092 (id: -1 rack: null) disconnected
[websocket-akka.actor.default-dispatcher-2] WARN org.apache.kafka.clients.NetworkClient - [Consumer clientId=consumer-STEDI-1, groupId=STEDI] Connection to node -1 (localhost/127.0.0.1:9092) could not be established. Broker may not be available.
[websocket-akka.actor.default-dispatcher-2] WARN org.apache.kafka.clients.NetworkClient - [Consumer clientId=consumer-STEDI-1, groupId=STEDI] Bootstrap broker localhost:9092 (id: -1 rack: null) disconnected
[websocket-akka.actor.default-dispatcher-2] WARN org.apache.kafka.clients.NetworkClient - [Consumer clientId=consumer-STEDI-1, groupId=STEDI] Connection to node -1 (localhost/127.0.0.1:9092) could not be established. Broker may not be available.
[websocket-akka.actor.default-dispatcher-2] WARN org.apache.kafka.clients.NetworkClient - [Consumer clientId=consumer-STEDI-1, groupId=STEDI] Bootstrap broker localhost:9092 (id: -1 rack: null) disconnected
[websocket-akka.actor.default-dispatcher-2] WARN org.apache.kafka.clients.NetworkClient - [Consumer clientId=consumer-STEDI-1, groupId=STEDI] Connection to node -1 (localhost/127.0.0.1:9092) could not be established. Broker may not be available.
[websocket-akka.actor.default-dispatcher-2] WARN org.apache.kafka.clients.NetworkClient - [Consumer clientId=consumer-STEDI-1, groupId=STEDI] Bootstrap broker localhost:9092 (id: -1 rack: null) disconnected
[websocket-akka.actor.default-dispatcher-2] WARN org.apache.kafka.clients.NetworkClient - [Consumer clientId=consumer-STEDI-1, groupId=STEDI] Connection to node -1 (localhost/127.0.0.1:9092) could not be established. Broker may not be available.
[websocket-akka.actor.default-dispatcher-2] WARN org.apache.kafka.clients.NetworkClient - [Consumer clientId=consumer-STEDI-1, groupId=STEDI] Bootstrap broker localhost:9092 (id: -1 rack: null) disconnected
[websocket-akka.actor.default-dispatcher-2] WARN org.apache.kafka.clients.NetworkClient - [Consumer clientId=consumer-STEDI-1, groupId=STEDI] Connection to node -1 (localhost/127.0.0.1:9092) could not be established. Broker may not be available.
[websocket-akka.actor.default-dispatcher-2] WARN org.apache.kafka.clients.NetworkClient - [Consumer clientId=consumer-STEDI-1, groupId=STEDI] Bootstrap broker localhost:9092 (id: -1 rack: null) disconnected
[websocket-akka.actor.default-dispatcher-2] WARN org.apache.kafka.clients.NetworkClient - [Consumer clientId=consumer-STEDI-1, groupId=STEDI] Connection to node -1 (localhost/127.0.0.1:9092) could not be established. Broker may not be available.
[websocket-akka.actor.default-dispatcher-2] WARN org.apache.kafka.clients.NetworkClient - [Consumer clientId=consumer-STEDI-1, groupId=STEDI] Bootstrap broker localhost:9092 (id: -1 rack: null) disconnected
[websocket-akka.actor.default-dispatcher-2] WARN org.apache.kafka.clients.NetworkClient - [Consumer clientId=consumer-STEDI-1, groupId=STEDI] Connection to node -1 (localhost/127.0.0.1:9092) could not be established. Broker may not be available.
[websocket-akka.actor.default-dispatcher-2] WARN org.apache.kafka.clients.NetworkClient - [Consumer clientId=consumer-STEDI-1, groupId=STEDI] Bootstrap broker localhost:9092 (id: -1 rack: null) disconnected
[websocket-akka.actor.default-dispatcher-2] WARN org.apache.kafka.clients.NetworkClient - [Consumer clientId=consumer-STEDI-1, groupId=STEDI] Connection to node -1 (localhost/127.0.0.1:9092) could not be established. Broker may not be available.
[websocket-akka.actor.default-dispatcher-2] WARN org.apache.kafka.clients.NetworkClient - [Consumer clientId=consumer-STEDI-1, groupId=STEDI] Bootstrap broker localhost:9092 (id: -1 rack: null) disconnected
[websocket-akka.actor.default-dispatcher-2] WARN org.apache.kafka.clients.NetworkClient - [Consumer clientId=consumer-STEDI-1, groupId=STEDI] Connection to node -1 (localhost/127.0.0.1:9092) could not be established. Broker may not be available.
[websocket-akka.actor.default-dispatcher-2] WARN org.apache.kafka.clients.NetworkClient - [Consumer clientId=consumer-STEDI-1, groupId=STEDI] Bootstrap broker localhost:9092 (id: -1 rack: null) disconnected
[websocket-akka.actor.default-dispatcher-2] WARN org.apache.kafka.clients.NetworkClient - [Consumer clientId=consumer-STEDI-1, groupId=STEDI] Connection to node -1 (localhost/127.0.0.1:9092) could not be established. Broker may not be available.
[websocket-akka.actor.default-dispatcher-2] WARN org.apache.kafka.clients.NetworkClient - [Consumer clientId=consumer-STEDI-1, groupId=STEDI] Bootstrap broker localhost:9092 (id: -1 rack: null) disconnected
[websocket-akka.actor.default-dispatcher-2] WARN org.apache.kafka.clients.NetworkClient - [Consumer clientId=consumer-STEDI-1, groupId=STEDI] Connection to node -1 (localhost/127.0.0.1:9092) could not be established. Broker may not be available.
[websocket-akka.actor.default-dispatcher-2] WARN org.apache.kafka.clients.NetworkClient - [Consumer clientId=consumer-STEDI-1, groupId=STEDI] Bootstrap broker localhost:9092 (id: -1 rack: null) disconnected
[websocket-akka.actor.default-dispatcher-2] WARN org.apache.kafka.clients.NetworkClient - [Consumer clientId=consumer-STEDI-1, groupId=STEDI] Connection to node -1 (localhost/127.0.0.1:9092) could not be established. Broker may not be available.
[websocket-akka.actor.default-dispatcher-2] WARN org.apache.kafka.clients.NetworkClient - [Consumer clientId=consumer-STEDI-1, groupId=STEDI] Bootstrap broker localhost:9092 (id: -1 rack: null) disconnected
[websocket-akka.actor.default-dispatcher-2] WARN org.apache.kafka.clients.NetworkClient - [Consumer clientId=consumer-STEDI-1, groupId=STEDI] Connection to node -1 (localhost/127.0.0.1:9092) could not be established. Broker may not be available.
[websocket-akka.actor.default-dispatcher-2] WARN org.apache.kafka.clients.NetworkClient - [Consumer clientId=consumer-STEDI-1, groupId=STEDI] Bootstrap broker localhost:9092 (id: -1 rack: null) disconnected
[websocket-akka.actor.default-dispatcher-2] WARN org.apache.kafka.clients.NetworkClient - [Consumer clientId=consumer-STEDI-1, groupId=STEDI] Error while fetching metadata with correlation id 3 : {topic-you-created=LEADER_NOT_AVAILABLE}
[websocket-akka.actor.default-dispatcher-2] INFO org.apache.kafka.clients.Metadata - [Consumer clientId=consumer-STEDI-1, groupId=STEDI] Cluster ID: IrMK0Fu7Sr2n79pMlW_gog
[websocket-akka.actor.default-dispatcher-2] WARN org.apache.kafka.clients.NetworkClient - [Consumer clientId=consumer-STEDI-1, groupId=STEDI] Error while fetching metadata with correlation id 7 : {topic-you-created=LEADER_NOT_AVAILABLE}
[websocket-akka.actor.default-dispatcher-2] WARN org.apache.kafka.clients.NetworkClient - [Consumer clientId=consumer-STEDI-1, groupId=STEDI] Error while fetching metadata with correlation id 8 : {topic-you-created=LEADER_NOT_AVAILABLE}
[websocket-akka.actor.default-dispatcher-2] WARN org.apache.kafka.clients.NetworkClient - [Consumer clientId=consumer-STEDI-1, groupId=STEDI] Error while fetching metadata with correlation id 10 : {topic-you-created=LEADER_NOT_AVAILABLE}
[websocket-akka.actor.default-dispatcher-2] WARN org.apache.kafka.clients.NetworkClient - [Consumer clientId=consumer-STEDI-1, groupId=STEDI] Error while fetching metadata with correlation id 12 : {topic-you-created=LEADER_NOT_AVAILABLE}
[websocket-akka.actor.default-dispatcher-2] WARN org.apache.kafka.clients.NetworkClient - [Consumer clientId=consumer-STEDI-1, groupId=STEDI] Error while fetching metadata with correlation id 14 : {topic-you-created=LEADER_NOT_AVAILABLE}
[websocket-akka.actor.default-dispatcher-2] INFO org.apache.kafka.clients.consumer.internals.AbstractCoordinator - [Consumer clientId=consumer-STEDI-1, groupId=STEDI] Discovered group coordinator 510b2f3f4d86bfc409b9eebe4cf53d6bd0748719-8496cfc5bf-c86pw:9092 (id: 2147483647 rack: null)
[websocket-akka.actor.default-dispatcher-2] INFO org.apache.kafka.clients.consumer.internals.AbstractCoordinator - [Consumer clientId=consumer-STEDI-1, groupId=STEDI] (Re-)joining group
[websocket-akka.actor.default-dispatcher-2] INFO org.apache.kafka.clients.consumer.internals.ConsumerCoordinator - [Consumer clientId=consumer-STEDI-1, groupId=STEDI] Finished assignment for group at generation 1: {consumer-STEDI-1-9bd81244-d25d-4c92-81b4-126f821cf2bc=Assignment(partitions=[topic-you-created-0])}
[websocket-akka.actor.default-dispatcher-2] INFO org.apache.kafka.clients.consumer.internals.AbstractCoordinator - [Consumer clientId=consumer-STEDI-1, groupId=STEDI] Successfully joined group with generation 1
[websocket-akka.actor.default-dispatcher-2] INFO org.apache.kafka.clients.consumer.internals.ConsumerCoordinator - [Consumer clientId=consumer-STEDI-1, groupId=STEDI] Notifying assignor about the new Assignment(partitions=[topic-you-created-0])
[websocket-akka.actor.default-dispatcher-2] INFO org.apache.kafka.clients.consumer.internals.ConsumerCoordinator - [Consumer clientId=consumer-STEDI-1, groupId=STEDI] Adding newly assigned partitions: topic-you-created-0
[websocket-akka.actor.default-dispatcher-2] INFO org.apache.kafka.clients.consumer.internals.ConsumerCoordinator - [Consumer clientId=consumer-STEDI-1, groupId=STEDI] Found no committed offset for partition topic-you-created-0
[websocket-akka.actor.default-dispatcher-2] INFO org.apache.kafka.clients.consumer.internals.SubscriptionState - [Consumer clientId=consumer-STEDI-1, groupId=STEDI] Resetting offset for partition topic-you-created-0 to offset 0.
Nov 17, 2024 4:05:09 AM com.getsimplex.steptimer.service.SimulationActor onReceive
INFO: SimulationActor received StartSimulationMessage to start simulation for: 30 test customers
Nov 17, 2024 4:05:09 AM com.getsimplex.steptimer.service.SimulationActor onReceive
INFO: Creating test customers...
Nov 17, 2024 4:05:10 AM com.getsimplex.steptimer.service.SimulationActor onReceive
INFO: Starting infinite loop for test data
Nov 17, 2024 4:05:12 AM com.getsimplex.steptimer.service.StepHistory riskScore
INFO: Received score request for: David.Howard@test.com
Customer David.Howard@test.com has: 1 rapid step tests on file which is less than the required number(4) to calculate fall risk.
Nov 17, 2024 4:05:14 AM com.getsimplex.steptimer.service.StepHistory riskScore
INFO: Received score request for: Jerry.Mitra@test.com
Customer Jerry.Mitra@test.com has: 1 rapid step tests on file which is less than the required number(4) to calculate fall risk.
Nov 17, 2024 4:05:16 AM com.getsimplex.steptimer.service.StepHistory riskScore
INFO: Received score request for: Ashley.Jefferson@test.com
Customer Ashley.Jefferson@test.com has: 1 rapid step tests on file which is less than the required number(4) to calculate fall risk.
Nov 17, 2024 4:05:18 AM com.getsimplex.steptimer.service.StepHistory riskScore
INFO: Received score request for: Jerry.Gonzalez@test.com
Customer Jerry.Gonzalez@test.com has: 1 rapid step tests on file which is less than the required number(4) to calculate fall risk.
Nov 17, 2024 4:05:20 AM com.getsimplex.steptimer.service.StepHistory riskScore
INFO: Received score request for: Jerry.Anderson@test.com
Customer Jerry.Anderson@test.com has: 1 rapid step tests on file which is less than the required number(4) to calculate fall risk.
Nov 17, 2024 4:05:22 AM com.getsimplex.steptimer.service.StepHistory riskScore
INFO: Received score request for: Angie.Spencer@test.com
Customer Angie.Spencer@test.com has: 1 rapid step tests on file which is less than the required number(4) to calculate fall risk.
Nov 17, 2024 4:05:24 AM com.getsimplex.steptimer.service.StepHistory riskScore
INFO: Received score request for: Sarah.Clark@test.com
Customer Sarah.Clark@test.com has: 1 rapid step tests on file which is less than the required number(4) to calculate fall risk.
Nov 17, 2024 4:05:26 AM com.getsimplex.steptimer.service.StepHistory riskScore
INFO: Received score request for: Edward.Ahmed@test.com
Customer Edward.Ahmed@test.com has: 1 rapid step tests on file which is less than the required number(4) to calculate fall risk.
Nov 17, 2024 4:05:28 AM com.getsimplex.steptimer.service.StepHistory riskScore
INFO: Received score request for: Ashley.Staples@test.com
Customer Ashley.Staples@test.com has: 1 rapid step tests on file which is less than the required number(4) to calculate fall risk.
Nov 17, 2024 4:05:30 AM com.getsimplex.steptimer.service.StepHistory riskScore
INFO: Received score request for: John.Smith@test.com
Customer John.Smith@test.com has: 1 rapid step tests on file which is less than the required number(4) to calculate fall risk.
Nov 17, 2024 4:05:32 AM com.getsimplex.steptimer.service.StepHistory riskScore
INFO: Received score request for: Dan.Staples@test.com
Customer Dan.Staples@test.com has: 1 rapid step tests on file which is less than the required number(4) to calculate fall risk.
Nov 17, 2024 4:05:34 AM com.getsimplex.steptimer.service.StepHistory riskScore
INFO: Received score request for: Bobby.Smith@test.com
Customer Bobby.Smith@test.com has: 1 rapid step tests on file which is less than the required number(4) to calculate fall risk.
Nov 17, 2024 4:05:36 AM com.getsimplex.steptimer.service.StepHistory riskScore
INFO: Received score request for: Angie.Fibonnaci@test.com
Customer Angie.Fibonnaci@test.com has: 1 rapid step tests on file which is less than the required number(4) to calculate fall risk.
Nov 17, 2024 4:05:38 AM com.getsimplex.steptimer.service.StepHistory riskScore
INFO: Received score request for: Jane.Hansen@test.com
Customer Jane.Hansen@test.com has: 1 rapid step tests on file which is less than the required number(4) to calculate fall risk.
Nov 17, 2024 4:05:40 AM com.getsimplex.steptimer.service.StepHistory riskScore
INFO: Received score request for: Angie.Lincoln@test.com
Customer Angie.Lincoln@test.com has: 1 rapid step tests on file which is less than the required number(4) to calculate fall risk.
Nov 17, 2024 4:05:42 AM com.getsimplex.steptimer.service.StepHistory riskScore
INFO: Received score request for: Ashley.Khatib@test.com
Customer Ashley.Khatib@test.com has: 1 rapid step tests on file which is less than the required number(4) to calculate fall risk.
Nov 17, 2024 4:05:44 AM com.getsimplex.steptimer.service.StepHistory riskScore
INFO: Received score request for: Jacob.Khatib@test.com
Customer Jacob.Khatib@test.com has: 1 rapid step tests on file which is less than the required number(4) to calculate fall risk.
Nov 17, 2024 4:05:46 AM com.getsimplex.steptimer.service.StepHistory riskScore
INFO: Received score request for: Angie.Phillips@test.com
Customer Angie.Phillips@test.com has: 1 rapid step tests on file which is less than the required number(4) to calculate fall risk.
Nov 17, 2024 4:05:48 AM com.getsimplex.steptimer.service.StepHistory riskScore
INFO: Received score request for: Sarah.Aristotle@test.com
Customer Sarah.Aristotle@test.com has: 1 rapid step tests on file which is less than the required number(4) to calculate fall risk.
Nov 17, 2024 4:05:50 AM com.getsimplex.steptimer.service.StepHistory riskScore
INFO: Received score request for: Angie.Mitra@test.com
Customer Angie.Mitra@test.com has: 1 rapid step tests on file which is less than the required number(4) to calculate fall risk.
Nov 17, 2024 4:05:52 AM com.getsimplex.steptimer.service.StepHistory riskScore
INFO: Received score request for: David.Sanchez@test.com
Customer David.Sanchez@test.com has: 1 rapid step tests on file which is less than the required number(4) to calculate fall risk.
Nov 17, 2024 4:05:54 AM com.getsimplex.steptimer.service.StepHistory riskScore
INFO: Received score request for: Eric.Harris@test.com
Customer Eric.Harris@test.com has: 1 rapid step tests on file which is less than the required number(4) to calculate fall risk.
Nov 17, 2024 4:05:56 AM com.getsimplex.steptimer.service.StepHistory riskScore
INFO: Received score request for: David.Davis@test.com
Customer David.Davis@test.com has: 1 rapid step tests on file which is less than the required number(4) to calculate fall risk.
Nov 17, 2024 4:05:58 AM com.getsimplex.steptimer.service.StepHistory riskScore
INFO: Received score request for: Suresh.Doshi@test.com
Customer Suresh.Doshi@test.com has: 1 rapid step tests on file which is less than the required number(4) to calculate fall risk.
Nov 17, 2024 4:06:00 AM com.getsimplex.steptimer.service.StepHistory riskScore
INFO: Received score request for: Neeraj.Habschied@test.com
Customer Neeraj.Habschied@test.com has: 1 rapid step tests on file which is less than the required number(4) to calculate fall risk.
Nov 17, 2024 4:06:02 AM com.getsimplex.steptimer.service.StepHistory riskScore
INFO: Received score request for: Spencer.Doshi@test.com
Customer Spencer.Doshi@test.com has: 1 rapid step tests on file which is less than the required number(4) to calculate fall risk.
Nov 17, 2024 4:06:04 AM com.getsimplex.steptimer.service.StepHistory riskScore
INFO: Received score request for: Ben.Gonzalez@test.com
Customer Ben.Gonzalez@test.com has: 1 rapid step tests on file which is less than the required number(4) to calculate fall risk.
Nov 17, 2024 4:06:06 AM com.getsimplex.steptimer.service.StepHistory riskScore
INFO: Received score request for: Danny.Gonzalez@test.com
Customer Danny.Gonzalez@test.com has: 1 rapid step tests on file which is less than the required number(4) to calculate fall risk.
Nov 17, 2024 4:06:08 AM com.getsimplex.steptimer.service.StepHistory riskScore
INFO: Received score request for: Lyn.Anderson@test.com
Customer Lyn.Anderson@test.com has: 1 rapid step tests on file which is less than the required number(4) to calculate fall risk.
Nov 17, 2024 4:06:08 AM com.getsimplex.steptimer.service.SimulationActor onReceive
INFO: Received request to stop simulation, stopping until further notice...
